c:\q2\q2rtx\build\src\server.dir\debug\vc142.pdb
c:\q2\q2rtx\build\src\server.dir\debug\windows\ac.c.obj
c:\q2\q2rtx\build\src\server.dir\debug\cmodel.obj
c:\q2\q2rtx\build\src\server.dir\debug\fpu.obj
c:\q2\q2rtx\build\src\server.dir\debug\commands.obj
c:\q2\q2rtx\build\src\server.dir\debug\client.obj
c:\q2\q2rtx\build\src\server.dir\debug\error.obj
c:\q2\q2rtx\build\src\server.dir\debug\pmove.obj
c:\q2\q2rtx\build\src\server.dir\debug\debug.obj
c:\q2\q2rtx\build\src\server.dir\debug\mdfour.obj
c:\q2\q2rtx\build\src\server.dir\debug\zone.obj
c:\q2\q2rtx\build\src\server.dir\debug\hunk.obj
c:\q2\q2rtx\build\src\server.dir\debug\msg.obj
c:\q2\q2rtx\build\src\server.dir\debug\shared.obj
c:\q2\q2rtx\build\src\server.dir\debug\send.obj
c:\q2\q2rtx\build\src\server.dir\debug\null.obj
c:\q2\q2rtx\build\src\server.dir\debug\files.obj
c:\q2\q2rtx\build\src\server.dir\debug\m_flash.obj
c:\q2\q2rtx\build\src\server.dir\debug\mvd.obj
c:\q2\q2rtx\build\src\server.dir\debug\save.obj
c:\q2\q2rtx\build\src\server.dir\debug\math.obj
c:\q2\q2rtx\build\src\server.dir\debug\prompt.obj
c:\q2\q2rtx\build\src\server.dir\debug\init.obj
c:\q2\q2rtx\build\src\server.dir\debug\world.obj
c:\q2\q2rtx\build\src\server.dir\debug\bsp.obj
c:\q2\q2rtx\build\src\server.dir\debug\sizebuf.obj
c:\q2\q2rtx\build\src\server.dir\debug\system.obj
c:\q2\q2rtx\build\src\server.dir\debug\cvar.obj
c:\q2\q2rtx\build\src\server.dir\debug\chan.obj
c:\q2\q2rtx\build\src\server.dir\debug\main.obj
c:\q2\q2rtx\build\src\server.dir\debug\parse.obj
c:\q2\q2rtx\build\src\server.dir\debug\cmd.obj
c:\q2\q2rtx\build\src\server.dir\debug\field.obj
c:\q2\q2rtx\build\src\server.dir\debug\utils.obj
c:\q2\q2rtx\build\src\server.dir\debug\entities.obj
c:\q2\q2rtx\build\src\server.dir\debug\user.obj
c:\q2\q2rtx\build\src\server.dir\debug\fifo.obj
c:\q2\q2rtx\build\src\server.dir\debug\net.obj
c:\q2\q2rtx\build\src\server.dir\debug\common.obj
c:\q2\q2rtx\build\src\server.dir\debug\server\game.c.obj
c:\q2\q2rtx\build\src\server.dir\debug\server\mvd\game.c.obj
c:\q2\q2rtx\build\src\server.dir\debug\server\ac.c.obj
c:\q2\q2rtx\build\src\cmakefiles\generate.stamp
c:\q2\q2rtx\q2rtxded.ilk
c:\q2\q2rtx\q2rtxded.exe
c:\q2\q2rtx\q2rtxded.pdb
c:\q2\q2rtx\build\src\server.dir\debug\q2rtxded.res
c:\q2\q2rtx\build\src\debug\q2rtxded.lib
c:\q2\q2rtx\build\src\debug\q2rtxded.exp
c:\q2\q2rtx\build\src\server.dir\debug\server.tlog\cl.command.1.tlog
c:\q2\q2rtx\build\src\server.dir\debug\server.tlog\cl.read.1.tlog
c:\q2\q2rtx\build\src\server.dir\debug\server.tlog\cl.write.1.tlog
c:\q2\q2rtx\build\src\server.dir\debug\server.tlog\custombuild.command.1.tlog
c:\q2\q2rtx\build\src\server.dir\debug\server.tlog\custombuild.read.1.tlog
c:\q2\q2rtx\build\src\server.dir\debug\server.tlog\custombuild.write.1.tlog
c:\q2\q2rtx\build\src\server.dir\debug\server.tlog\link.command.1.tlog
c:\q2\q2rtx\build\src\server.dir\debug\server.tlog\link.read.1.tlog
c:\q2\q2rtx\build\src\server.dir\debug\server.tlog\link.write.1.tlog
c:\q2\q2rtx\build\src\server.dir\debug\server.tlog\rc.command.1.tlog
c:\q2\q2rtx\build\src\server.dir\debug\server.tlog\rc.read.1.tlog
c:\q2\q2rtx\build\src\server.dir\debug\server.tlog\rc.write.1.tlog
c:\q2\q2rtx\build\src\server.dir\debug\server.tlog\server.write.1u.tlog
