  Building Custom Rule C:/q2/q2rtx/src/CMakeLists.txt
  CMake does not need to re-run because C:/q2/q2rtx/build/src/CMakeFiles/generate.stamp is up-to-date.
  g_ai.c
  g_chase.c
  g_cmds.c
  g_combat.c
  g_func.c
  g_items.c
  g_main.c
  g_misc.c
  g_monster.c
  g_phys.c
  g_ptrs.c
  g_save.c
  g_spawn.c
  g_svcmds.c
  g_target.c
  g_trigger.c
  g_turret.c
  g_utils.c
  g_weapon.c
  m_actor.c
  m_berserk.c
  m_boss2.c
  m_boss3.c
  m_boss31.c
  m_boss32.c
  m_brain.c
  m_chick.c
  m_flipper.c
  m_float.c
  m_flyer.c
  m_gladiator.c
  m_gunner.c
  m_hover.c
  m_infantry.c
  m_insane.c
  m_medic.c
  m_move.c
  m_mutant.c
  m_parasite.c
  m_soldier.c
  m_supertank.c
  m_tank.c
  p_client.c
  p_hud.c
  p_trail.c
  p_view.c
  p_weapon.c
  m_flash.c
  shared.c
     Creating library C:/q2/q2rtx/build/src/Debug/gamex86.lib and object C:/q2/q2rtx/build/src/Debug/gamex86.exp
  gamex86.vcxproj -> C:\q2\q2rtx\baseq2\gamex86_64.dll
