c:\q2\q2rtx\build\src\gamex86.dir\debug\g_phys.obj
c:\q2\q2rtx\build\src\gamex86.dir\debug\m_flipper.obj
c:\q2\q2rtx\build\src\gamex86.dir\debug\m_insane.obj
c:\q2\q2rtx\build\src\gamex86.dir\debug\p_hud.obj
c:\q2\q2rtx\build\src\gamex86.dir\debug\g_combat.obj
c:\q2\q2rtx\build\src\gamex86.dir\debug\g_trigger.obj
c:\q2\q2rtx\build\src\gamex86.dir\debug\m_actor.obj
c:\q2\q2rtx\build\src\gamex86.dir\debug\m_gunner.obj
c:\q2\q2rtx\build\src\gamex86.dir\debug\m_tank.obj
c:\q2\q2rtx\build\src\gamex86.dir\debug\g_main.obj
c:\q2\q2rtx\build\src\gamex86.dir\debug\m_berserk.obj
c:\q2\q2rtx\build\src\gamex86.dir\debug\m_flyer.obj
c:\q2\q2rtx\build\src\gamex86.dir\debug\p_client.obj
c:\q2\q2rtx\build\src\gamex86.dir\debug\g_monster.obj
c:\q2\q2rtx\build\src\gamex86.dir\debug\g_target.obj
c:\q2\q2rtx\build\src\gamex86.dir\debug\g_weapon.obj
c:\q2\q2rtx\build\src\gamex86.dir\debug\m_brain.obj
c:\q2\q2rtx\build\src\gamex86.dir\debug\m_mutant.obj
c:\q2\q2rtx\build\src\gamex86.dir\debug\p_view.obj
c:\q2\q2rtx\build\src\gamex86.dir\debug\g_save.obj
c:\q2\q2rtx\build\src\gamex86.dir\debug\g_utils.obj
c:\q2\q2rtx\build\src\gamex86.dir\debug\m_boss32.obj
c:\q2\q2rtx\build\src\gamex86.dir\debug\m_parasite.obj
c:\q2\q2rtx\build\src\gamex86.dir\debug\m_flash.obj
c:\q2\q2rtx\build\src\gamex86.dir\debug\g_misc.obj
c:\q2\q2rtx\build\src\gamex86.dir\debug\g_svcmds.obj
c:\q2\q2rtx\build\src\gamex86.dir\debug\m_boss2.obj
c:\q2\q2rtx\build\src\gamex86.dir\debug\m_chick.obj
c:\q2\q2rtx\build\src\gamex86.dir\debug\m_move.obj
c:\q2\q2rtx\build\src\gamex86.dir\debug\g_ptrs.obj
c:\q2\q2rtx\build\src\gamex86.dir\debug\g_spawn.obj
c:\q2\q2rtx\build\src\gamex86.dir\debug\g_items.obj
c:\q2\q2rtx\build\src\gamex86.dir\debug\m_medic.obj
c:\q2\q2rtx\build\src\gamex86.dir\debug\g_chase.obj
c:\q2\q2rtx\build\src\gamex86.dir\debug\g_turret.obj
c:\q2\q2rtx\build\src\gamex86.dir\debug\m_boss31.obj
c:\q2\q2rtx\build\src\gamex86.dir\debug\m_hover.obj
c:\q2\q2rtx\build\src\gamex86.dir\debug\p_trail.obj
c:\q2\q2rtx\build\src\gamex86.dir\debug\g_func.obj
c:\q2\q2rtx\build\src\gamex86.dir\debug\m_float.obj
c:\q2\q2rtx\build\src\gamex86.dir\debug\m_soldier.obj
c:\q2\q2rtx\build\src\gamex86.dir\debug\shared.obj
c:\q2\q2rtx\build\src\gamex86.dir\debug\g_ai.obj
c:\q2\q2rtx\build\src\gamex86.dir\debug\m_gladiator.obj
c:\q2\q2rtx\build\src\gamex86.dir\debug\p_weapon.obj
c:\q2\q2rtx\build\src\gamex86.dir\debug\g_cmds.obj
c:\q2\q2rtx\build\src\gamex86.dir\debug\m_boss3.obj
c:\q2\q2rtx\build\src\gamex86.dir\debug\m_infantry.obj
c:\q2\q2rtx\build\src\gamex86.dir\debug\m_supertank.obj
c:\q2\q2rtx\build\src\gamex86.dir\debug\vc142.pdb
c:\q2\q2rtx\build\src\cmakefiles\generate.stamp
c:\q2\q2rtx\build\src\debug\gamex86.lib
c:\q2\q2rtx\build\src\debug\gamex86.exp
c:\q2\q2rtx\baseq2\gamex86_64.ilk
c:\q2\q2rtx\baseq2\gamex86_64.dll
c:\q2\q2rtx\baseq2\gamex86_64.pdb
c:\q2\q2rtx\build\src\gamex86.dir\debug\baseq2.res
c:\q2\q2rtx\build\src\gamex86.dir\debug\gamex86.tlog\cl.1100.write.1.tlog
c:\q2\q2rtx\build\src\gamex86.dir\debug\gamex86.tlog\cl.command.1.tlog
c:\q2\q2rtx\build\src\gamex86.dir\debug\gamex86.tlog\cl.read.1.tlog
c:\q2\q2rtx\build\src\gamex86.dir\debug\gamex86.tlog\custombuild.command.1.tlog
c:\q2\q2rtx\build\src\gamex86.dir\debug\gamex86.tlog\custombuild.read.1.tlog
c:\q2\q2rtx\build\src\gamex86.dir\debug\gamex86.tlog\custombuild.write.1.tlog
c:\q2\q2rtx\build\src\gamex86.dir\debug\gamex86.tlog\gamex86.write.1u.tlog
c:\q2\q2rtx\build\src\gamex86.dir\debug\gamex86.tlog\link.command.1.tlog
c:\q2\q2rtx\build\src\gamex86.dir\debug\gamex86.tlog\link.read.1.tlog
c:\q2\q2rtx\build\src\gamex86.dir\debug\gamex86.tlog\link.write.1.tlog
c:\q2\q2rtx\build\src\gamex86.dir\debug\gamex86.tlog\rc.command.1.tlog
c:\q2\q2rtx\build\src\gamex86.dir\debug\gamex86.tlog\rc.read.1.tlog
c:\q2\q2rtx\build\src\gamex86.dir\debug\gamex86.tlog\rc.write.1.tlog
