  Building Custom Rule C:/q2/q2rtx/src/CMakeLists.txt
  CMake does not need to re-run because C:/q2/q2rtx/build/src/CMakeFiles/generate.stamp is up-to-date.
  ascii.c
  console.c
  crc.c
  demo.c
  download.c
  effects.c
  gtv.c
  input.c
  keys.c
  locs.c
  newfx.c
  precache.c
  predict.c
  refresh.c
  screen.c
  tent.c
  view.c
  demos.c
  menu.c
  playerconfig.c
  playermodels.c
  script.c
  servers.c
  ui.c
  dma.c
  al.c
  mem.c
  mix.c
  bsp.c
  cmd.c
  cmodel.c
  common.c
  cvar.c
  error.c
  field.c
  fifo.c
  files.c
  math.c
  mdfour.c
  msg.c
  pmove.c
  prompt.c
  sizebuf.c
  utils.c
  zone.c
  chan.c
  net.c
  fpu.c
  stb.c
  m_flash.c
  shared.c
  ac.c
  debug.c
  hunk.c
  system.c
  wave.c
  video.c
  commands.c
  init.c
  mvd.c
  send.c
  user.c
  client.c
  save.c
  http.c
  hq2x.c
  mesh.c
  sky.c
  state.c
  surf.c
  tess.c
  asvgf.c
  bloom.c
  bsp_mesh.c
  material.c
  matrix.c
  mgpu.c
  path_tracer.c
  physical_sky.c
  precomputed_sky.c
  profiler.c
  shadow_map.c
  textures.c
  tone_mapping.c
  transparency.c
  uniform_buffer.c
  vertex_buffer.c
  vk_util.c
  buddy_allocator.c
  device_memory_allocator.c
  god_rays.c
  entities.c
  main.c
  parse.c
  main.c
  dynamic.c
  images.c
  models.c
  entities.c
  game.c
  main.c
  world.c
  parse.c
  game.c
  draw.c
  images.c
  main.c
  models.c
  world.c
  dynamic.c
  draw.c
  main.c
  models.c
     Creating library C:/q2/q2rtx/build/src/Debug/q2rtx.lib and object C:/q2/q2rtx/build/src/Debug/q2rtx.exp
  client.vcxproj -> C:\q2\q2rtx\q2rtx.exe
