c:\q2\q2rtx\build\src\client.dir\debug\vc142.pdb
c:\q2\q2rtx\build\src\client.dir\debug\client\entities.c.obj
c:\q2\q2rtx\build\src\client.dir\debug\keys.obj
c:\q2\q2rtx\build\src\client.dir\debug\playermodels.obj
c:\q2\q2rtx\build\src\client.dir\debug\cmd.obj
c:\q2\q2rtx\build\src\client.dir\debug\asvgf.obj
c:\q2\q2rtx\build\src\client.dir\debug\path_tracer.obj
c:\q2\q2rtx\build\src\client.dir\debug\buddy_allocator.obj
c:\q2\q2rtx\build\src\client.dir\debug\effects.obj
c:\q2\q2rtx\build\src\client.dir\debug\ui.obj
c:\q2\q2rtx\build\src\client.dir\debug\error.obj
c:\q2\q2rtx\build\src\client.dir\debug\prompt.obj
c:\q2\q2rtx\build\src\client.dir\debug\shared.obj
c:\q2\q2rtx\build\src\client.dir\debug\init.obj
c:\q2\q2rtx\build\src\client.dir\debug\send.obj
c:\q2\q2rtx\build\src\client.dir\debug\sky.obj
c:\q2\q2rtx\build\src\client.dir\debug\tone_mapping.obj
c:\q2\q2rtx\build\src\client.dir\debug\crc.obj
c:\q2\q2rtx\build\src\client.dir\debug\predict.obj
c:\q2\q2rtx\build\src\client.dir\debug\dma.obj
c:\q2\q2rtx\build\src\client.dir\debug\files.obj
c:\q2\q2rtx\build\src\client.dir\debug\fpu.obj
c:\q2\q2rtx\build\src\client.dir\debug\video.obj
c:\q2\q2rtx\build\src\client.dir\debug\shadow_map.obj
c:\q2\q2rtx\build\src\client.dir\debug\input.obj
c:\q2\q2rtx\build\src\client.dir\debug\script.obj
c:\q2\q2rtx\build\src\client.dir\debug\fifo.obj
c:\q2\q2rtx\build\src\client.dir\debug\utils.obj
c:\q2\q2rtx\build\src\client.dir\debug\system.obj
c:\q2\q2rtx\build\src\client.dir\debug\state.obj
c:\q2\q2rtx\build\src\client.dir\debug\profiler.obj
c:\q2\q2rtx\build\src\client.dir\debug\device_memory_allocator.obj
c:\q2\q2rtx\build\src\client.dir\debug\console.obj
c:\q2\q2rtx\build\src\client.dir\debug\tent.obj
c:\q2\q2rtx\build\src\client.dir\debug\bsp.obj
c:\q2\q2rtx\build\src\client.dir\debug\pmove.obj
c:\q2\q2rtx\build\src\client.dir\debug\ac.obj
c:\q2\q2rtx\build\src\client.dir\debug\client.obj
c:\q2\q2rtx\build\src\client.dir\debug\material.obj
c:\q2\q2rtx\build\src\client.dir\debug\mgpu.obj
c:\q2\q2rtx\build\src\client.dir\debug\vk_util.obj
c:\q2\q2rtx\build\src\client.dir\debug\ascii.obj
c:\q2\q2rtx\build\src\client.dir\debug\refresh.obj
c:\q2\q2rtx\build\src\client.dir\debug\al.obj
c:\q2\q2rtx\build\src\client.dir\debug\msg.obj
c:\q2\q2rtx\build\src\client.dir\debug\debug.obj
c:\q2\q2rtx\build\src\client.dir\debug\http.obj
c:\q2\q2rtx\build\src\client.dir\debug\locs.obj
c:\q2\q2rtx\build\src\client.dir\debug\menu.obj
c:\q2\q2rtx\build\src\client.dir\debug\cvar.obj
c:\q2\q2rtx\build\src\client.dir\debug\sizebuf.obj
c:\q2\q2rtx\build\src\client.dir\debug\m_flash.obj
c:\q2\q2rtx\build\src\client.dir\debug\commands.obj
c:\q2\q2rtx\build\src\client.dir\debug\mvd.obj
c:\q2\q2rtx\build\src\client.dir\debug\mesh.obj
c:\q2\q2rtx\build\src\client.dir\debug\textures.obj
c:\q2\q2rtx\build\src\client.dir\debug\demo.obj
c:\q2\q2rtx\build\src\client.dir\debug\screen.obj
c:\q2\q2rtx\build\src\client.dir\debug\cmodel.obj
c:\q2\q2rtx\build\src\client.dir\debug\chan.obj
c:\q2\q2rtx\build\src\client.dir\debug\wave.obj
c:\q2\q2rtx\build\src\client.dir\debug\hq2x.obj
c:\q2\q2rtx\build\src\client.dir\debug\bsp_mesh.obj
c:\q2\q2rtx\build\src\client.dir\debug\precomputed_sky.obj
c:\q2\q2rtx\build\src\client.dir\debug\god_rays.obj
c:\q2\q2rtx\build\src\client.dir\debug\gtv.obj
c:\q2\q2rtx\build\src\client.dir\debug\playerconfig.obj
c:\q2\q2rtx\build\src\client.dir\debug\common.obj
c:\q2\q2rtx\build\src\client.dir\debug\surf.obj
c:\q2\q2rtx\build\src\client.dir\debug\uniform_buffer.obj
c:\q2\q2rtx\build\src\client.dir\debug\newfx.obj
c:\q2\q2rtx\build\src\client.dir\debug\servers.obj
c:\q2\q2rtx\build\src\client.dir\debug\field.obj
c:\q2\q2rtx\build\src\client.dir\debug\zone.obj
c:\q2\q2rtx\build\src\client.dir\debug\hunk.obj
c:\q2\q2rtx\build\src\client.dir\debug\matrix.obj
c:\q2\q2rtx\build\src\client.dir\debug\vertex_buffer.obj
c:\q2\q2rtx\build\src\client.dir\debug\download.obj
c:\q2\q2rtx\build\src\client.dir\debug\view.obj
c:\q2\q2rtx\build\src\client.dir\debug\mix.obj
c:\q2\q2rtx\build\src\client.dir\debug\mdfour.obj
c:\q2\q2rtx\build\src\client.dir\debug\stb.obj
c:\q2\q2rtx\build\src\client.dir\debug\user.obj
c:\q2\q2rtx\build\src\client.dir\debug\tess.obj
c:\q2\q2rtx\build\src\client.dir\debug\transparency.obj
c:\q2\q2rtx\build\src\client.dir\debug\precache.obj
c:\q2\q2rtx\build\src\client.dir\debug\demos.obj
c:\q2\q2rtx\build\src\client.dir\debug\mem.obj
c:\q2\q2rtx\build\src\client.dir\debug\math.obj
c:\q2\q2rtx\build\src\client.dir\debug\net.obj
c:\q2\q2rtx\build\src\client.dir\debug\save.obj
c:\q2\q2rtx\build\src\client.dir\debug\bloom.obj
c:\q2\q2rtx\build\src\client.dir\debug\physical_sky.obj
c:\q2\q2rtx\build\src\client.dir\debug\client\main.c.obj
c:\q2\q2rtx\build\src\client.dir\debug\client\parse.c.obj
c:\q2\q2rtx\build\src\client.dir\debug\client\sound\main.c.obj
c:\q2\q2rtx\build\src\client.dir\debug\client\sound\qal\dynamic.c.obj
c:\q2\q2rtx\build\src\client.dir\debug\refresh\images.c.obj
c:\q2\q2rtx\build\src\client.dir\debug\refresh\models.c.obj
c:\q2\q2rtx\build\src\client.dir\debug\server\entities.c.obj
c:\q2\q2rtx\build\src\client.dir\debug\server\game.c.obj
c:\q2\q2rtx\build\src\client.dir\debug\server\main.c.obj
c:\q2\q2rtx\build\src\client.dir\debug\server\world.c.obj
c:\q2\q2rtx\build\src\client.dir\debug\server\mvd\parse.c.obj
c:\q2\q2rtx\build\src\client.dir\debug\server\mvd\game.c.obj
c:\q2\q2rtx\build\src\client.dir\debug\refresh\gl\draw.c.obj
c:\q2\q2rtx\build\src\client.dir\debug\refresh\gl\images.c.obj
c:\q2\q2rtx\build\src\client.dir\debug\refresh\gl\main.c.obj
c:\q2\q2rtx\build\src\client.dir\debug\refresh\gl\models.c.obj
c:\q2\q2rtx\build\src\client.dir\debug\refresh\gl\world.c.obj
c:\q2\q2rtx\build\src\client.dir\debug\refresh\gl\qgl\dynamic.c.obj
c:\q2\q2rtx\build\src\client.dir\debug\refresh\vkpt\draw.c.obj
c:\q2\q2rtx\build\src\client.dir\debug\refresh\vkpt\main.c.obj
c:\q2\q2rtx\build\src\client.dir\debug\refresh\vkpt\models.c.obj
c:\q2\q2rtx\build\src\debug\q2rtx.lib
c:\q2\q2rtx\build\src\debug\q2rtx.exp
c:\q2\q2rtx\build\src\cmakefiles\generate.stamp
c:\q2\q2rtx\q2rtx.ilk
c:\q2\q2rtx\q2rtx.exe
c:\q2\q2rtx\q2rtx.pdb
c:\q2\q2rtx\build\src\client.dir\debug\q2rtx.res
c:\q2\q2rtx\build\src\client.dir\debug\client.tlog\cl.command.1.tlog
c:\q2\q2rtx\build\src\client.dir\debug\client.tlog\cl.read.1.tlog
c:\q2\q2rtx\build\src\client.dir\debug\client.tlog\cl.write.1.tlog
c:\q2\q2rtx\build\src\client.dir\debug\client.tlog\client.write.1u.tlog
c:\q2\q2rtx\build\src\client.dir\debug\client.tlog\custombuild.command.1.tlog
c:\q2\q2rtx\build\src\client.dir\debug\client.tlog\custombuild.read.1.tlog
c:\q2\q2rtx\build\src\client.dir\debug\client.tlog\custombuild.write.1.tlog
c:\q2\q2rtx\build\src\client.dir\debug\client.tlog\link.command.1.tlog
c:\q2\q2rtx\build\src\client.dir\debug\client.tlog\link.read.1.tlog
c:\q2\q2rtx\build\src\client.dir\debug\client.tlog\link.write.1.tlog
c:\q2\q2rtx\build\src\client.dir\debug\client.tlog\rc.command.1.tlog
c:\q2\q2rtx\build\src\client.dir\debug\client.tlog\rc.read.1.tlog
c:\q2\q2rtx\build\src\client.dir\debug\client.tlog\rc.write.1.tlog
