c:\q2\q2rtx\baseq2\shader_vkpt\animate_materials.comp.spv
c:\q2\q2rtx\baseq2\shader_vkpt\god_rays_filter.comp.spv
c:\q2\q2rtx\baseq2\shader_vkpt\god_rays.comp.spv
c:\q2\q2rtx\baseq2\shader_vkpt\bloom_composite.comp.spv
c:\q2\q2rtx\baseq2\shader_vkpt\bloom_blur.comp.spv
c:\q2\q2rtx\baseq2\shader_vkpt\primary_rays.rgen.spv
c:\q2\q2rtx\baseq2\shader_vkpt\direct_lighting.rgen.spv
c:\q2\q2rtx\baseq2\shader_vkpt\checkerboard_interleave.comp.spv
c:\q2\q2rtx\baseq2\shader_vkpt\indirect_lighting.rgen.spv
c:\q2\q2rtx\baseq2\shader_vkpt\path_tracer.rchit.spv
c:\q2\q2rtx\baseq2\shader_vkpt\path_tracer.rmiss.spv
c:\q2\q2rtx\baseq2\shader_vkpt\path_tracer_particle.rahit.spv
c:\q2\q2rtx\baseq2\shader_vkpt\path_tracer_sprite.rahit.spv
c:\q2\q2rtx\baseq2\shader_vkpt\path_tracer_beam.rahit.spv
c:\q2\q2rtx\baseq2\shader_vkpt\path_tracer_explosion.rahit.spv
c:\q2\q2rtx\baseq2\shader_vkpt\path_tracer_shadow.rmiss.spv
c:\q2\q2rtx\baseq2\shader_vkpt\asvgf_atrous.comp.spv
c:\q2\q2rtx\baseq2\shader_vkpt\asvgf_fwd_project.comp.spv
c:\q2\q2rtx\baseq2\shader_vkpt\asvgf_gradient_atrous.comp.spv
c:\q2\q2rtx\baseq2\shader_vkpt\asvgf_gradient_img.comp.spv
c:\q2\q2rtx\baseq2\shader_vkpt\asvgf_lf.comp.spv
c:\q2\q2rtx\baseq2\shader_vkpt\asvgf_seed_rng.comp.spv
c:\q2\q2rtx\baseq2\shader_vkpt\asvgf_taa.comp.spv
c:\q2\q2rtx\baseq2\shader_vkpt\asvgf_temporal.comp.spv
c:\q2\q2rtx\baseq2\shader_vkpt\instance_geometry.comp.spv
c:\q2\q2rtx\baseq2\shader_vkpt\tone_mapping_histogram.comp.spv
c:\q2\q2rtx\baseq2\shader_vkpt\tone_mapping_curve.comp.spv
c:\q2\q2rtx\baseq2\shader_vkpt\tone_mapping_apply.comp.spv
c:\q2\q2rtx\baseq2\shader_vkpt\physical_sky.comp.spv
c:\q2\q2rtx\baseq2\shader_vkpt\physical_sky_space.comp.spv
c:\q2\q2rtx\baseq2\shader_vkpt\shadow_map.vert.spv
c:\q2\q2rtx\baseq2\shader_vkpt\sky_buffer_resolve.comp.spv
c:\q2\q2rtx\baseq2\shader_vkpt\stretch_pic.frag.spv
c:\q2\q2rtx\baseq2\shader_vkpt\stretch_pic.vert.spv
c:\q2\q2rtx\baseq2\shader_vkpt\final_blit_lanczos.frag.spv
c:\q2\q2rtx\baseq2\shader_vkpt\final_blit.vert.spv
c:\q2\q2rtx\build\src\cmakefiles\shaders
c:\q2\q2rtx\build\src\cmakefiles\generate.stamp
c:\q2\q2rtx\build\src\x64\debug\shaders\shaders.tlog\custombuild.command.1.tlog
c:\q2\q2rtx\build\src\x64\debug\shaders\shaders.tlog\custombuild.read.1.tlog
c:\q2\q2rtx\build\src\x64\debug\shaders\shaders.tlog\custombuild.write.1.tlog
